0 silly argv {
0 silly argv   _: [ 'clean' ],
0 silly argv   y: true,
0 silly argv   yes: true,
0 silly argv   lernaVersion: '4.0.0',
0 silly argv   '$0': 'node_modules/.bin/lerna'
0 silly argv }
1 notice cli v4.0.0
2 verbose rootPath /home/youssef/projects/final-project-2021/sensationalLife-asd
3 error JSONError: Unexpected token "}" (0x7D) in JSON at position 523 while parsing near "...\t\t\"pg\": \"^8.7.1\",\n  }\n}\n" in packages/server/package.json
3 error
3 error [0m [90m 20 |[39m 		[32m"passport-local"[39m[33m:[39m [32m"^1.0.0"[39m[33m,[39m[0m
3 error [0m [90m 21 |[39m 		[32m"pg"[39m[33m:[39m [32m"^8.7.1"[39m[33m,[39m[0m
3 error [0m[31m[1m>[22m[39m[90m 22 |[39m   }[0m
3 error [0m [90m    |[39m   [31m[1m^[22m[39m[0m
3 error [0m [90m 23 |[39m }[0m
3 error [0m [90m 24 |[39m[0m
3 error
3 error     at parseJson (/home/youssef/projects/final-project-2021/sensationalLife-asd/node_modules/parse-json/index.js:29:21)
3 error     at parse (/home/youssef/projects/final-project-2021/sensationalLife-asd/node_modules/load-json-file/index.js:15:9)
3 error     at module.exports (/home/youssef/projects/final-project-2021/sensationalLife-asd/node_modules/load-json-file/index.js:18:47)
